<?xml version="1.0" encoding="UTF-8"?>
<!-- Generated by org.testng.reporters.JUnitReportReporter -->
<testsuite hostname="DELLXPS13" failures="0" tests="1" name="com.nexttechITC.TestRunner.TestNGTestRunner" time="0.000" errors="0" timestamp="07 Jan 2022 17:20:13 GMT" skipped="1">
  <testcase classname="com.nexttechITC.TestRunner.TestNGTestRunner" name="feature" time="0.000">
    <skipped/>
  </testcase> <!-- feature -->
</testsuite> <!-- com.nexttechITC.TestRunner.TestNGTestRunner -->
