<?xml version="1.0" encoding="UTF-8"?>
<!-- Generated by org.testng.reporters.JUnitReportReporter -->
<testsuite hostname="DELLXPS13" failures="0" tests="5" name="com.nexttechITC.TestRunner.TestNGTestRunner$TestRunner" time="0.008" errors="0" timestamp="16 Jan 2022 21:09:46 GMT" skipped="0">
  <testcase classname="com.nexttechITC.TestRunner.TestNGTestRunner$TestRunner" name="feature" time="0.005"/>
  <testcase classname="com.nexttechITC.TestRunner.TestNGTestRunner$TestRunner" name="feature" time="0.001"/>
  <testcase classname="com.nexttechITC.TestRunner.TestNGTestRunner$TestRunner" name="feature" time="0.000"/>
  <testcase classname="com.nexttechITC.TestRunner.TestNGTestRunner$TestRunner" name="feature" time="0.000"/>
  <testcase classname="com.nexttechITC.TestRunner.TestNGTestRunner$TestRunner" name="feature" time="0.002"/>
</testsuite> <!-- com.nexttechITC.TestRunner.TestNGTestRunner$TestRunner -->
